{"C:\\xampp\\htdocs\\AICalorieTracker\\vite.config.ts": {"path":"C:\\xampp\\htdocs\\AICalorieTracker\\vite.config.ts","statementMap":{"0":{"start":{"line":1,"column":0},"end":{"line":1,"column":36}},"1":{"start":{"line":2,"column":0},"end":{"line":2,"column":41}},"2":{"start":{"line":3,"column":0},"end":{"line":3,"column":24}},"3":{"start":{"line":4,"column":0},"end":{"line":4,"column":74}},"4":{"start":{"line":6,"column":0},"end":{"line":23,"column":3}}},"fnMap":{},"branchMap":{},"s":{"0":1,"1":1,"2":1,"3":1,"4":1},"f":{},"b":{}}
,"C:\\xampp\\htdocs\\AICalorieTracker\\server\\vite.ts": {"path":"C:\\xampp\\htdocs\\AICalorieTracker\\server\\vite.ts","statementMap":{"0":{"start":{"line":11,"column":0},"end":{"line":11,"column":16}},"1":{"start":{"line":22,"column":0},"end":{"line":22,"column":22}},"2":{"start":{"line":69,"column":0},"end":{"line":69,"column":16}},"3":{"start":{"line":1,"column":0},"end":{"line":1,"column":48}},"4":{"start":{"line":2,"column":0},"end":{"line":2,"column":20}},"5":{"start":{"line":3,"column":0},"end":{"line":3,"column":24}},"6":{"start":{"line":4,"column":0},"end":{"line":4,"column":70}},"7":{"start":{"line":6,"column":0},"end":{"line":6,"column":40}},"8":{"start":{"line":7,"column":0},"end":{"line":7,"column":32}},"9":{"start":{"line":9,"column":19},"end":{"line":9,"column":33}},"10":{"start":{"line":12,"column":24},"end":{"line":17,"column":4}},"11":{"start":{"line":19,"column":2},"end":{"line":19,"column":57}},"12":{"start":{"line":23,"column":24},"end":{"line":26,"column":4}},"13":{"start":{"line":28,"column":15},"end":{"line":39,"column":null}},"14":{"start":{"line":34,"column":8},"end":{"line":34,"column":39}},"15":{"start":{"line":35,"column":8},"end":{"line":35,"column":24}},"16":{"start":{"line":42,"column":2},"end":{"line":42,"column":28}},"17":{"start":{"line":43,"column":2},"end":{"line":66,"column":5}},"18":{"start":{"line":43,"column":40},"end":{"line":66,"column":4}},"19":{"start":{"line":44,"column":16},"end":{"line":44,"column":31}},"20":{"start":{"line":46,"column":4},"end":{"line":65,"column":5}},"21":{"start":{"line":47,"column":29},"end":{"line":51,"column":null}},"22":{"start":{"line":55,"column":21},"end":{"line":55,"column":72}},"23":{"start":{"line":56,"column":6},"end":{"line":59,"column":8}},"24":{"start":{"line":60,"column":19},"end":{"line":60,"column":63}},"25":{"start":{"line":61,"column":6},"end":{"line":61,"column":69}},"26":{"start":{"line":63,"column":6},"end":{"line":63,"column":40}},"27":{"start":{"line":64,"column":6},"end":{"line":64,"column":14}},"28":{"start":{"line":70,"column":19},"end":{"line":70,"column":52}},"29":{"start":{"line":72,"column":2},"end":{"line":76,"column":3}},"30":{"start":{"line":73,"column":4},"end":{"line":75,"column":6}},"31":{"start":{"line":78,"column":2},"end":{"line":78,"column":36}},"32":{"start":{"line":81,"column":2},"end":{"line":83,"column":5}},"33":{"start":{"line":82,"column":4},"end":{"line":82,"column":55}}},"fnMap":{"0":{"name":"log","decl":{"start":{"line":11,"column":16},"end":{"line":11,"column":19}},"loc":{"start":{"line":11,"column":55},"end":{"line":20,"column":1}}},"1":{"name":"setupVite","decl":{"start":{"line":22,"column":22},"end":{"line":22,"column":31}},"loc":{"start":{"line":22,"column":60},"end":{"line":67,"column":null}}},"2":{"name":"(anonymous_11)","decl":{"start":{"line":33,"column":13},"end":{"line":33,"column":14}},"loc":{"start":{"line":33,"column":30},"end":{"line":36,"column":7}}},"3":{"name":"(anonymous_12)","decl":{"start":{"line":43,"column":15},"end":{"line":43,"column":22}},"loc":{"start":{"line":43,"column":40},"end":{"line":66,"column":4}}},"4":{"name":"(anonymous_13)","decl":{"start":{"line":43,"column":40},"end":{"line":43,"column":null}},"loc":{"start":{"line":43,"column":40},"end":{"line":66,"column":3}}},"5":{"name":"serveStatic","decl":{"start":{"line":69,"column":16},"end":{"line":69,"column":27}},"loc":{"start":{"line":69,"column":40},"end":{"line":84,"column":1}}},"6":{"name":"(anonymous_15)","decl":{"start":{"line":81,"column":15},"end":{"line":81,"column":16}},"loc":{"start":{"line":81,"column":29},"end":{"line":83,"column":3}}}},"branchMap":{"0":{"loc":{"start":{"line":11,"column":37},"end":{"line":11,"column":55}},"type":"default-arg","locations":[{"start":{"line":11,"column":46},"end":{"line":11,"column":55}}]},"1":{"loc":{"start":{"line":72,"column":2},"end":{"line":76,"column":3}},"type":"if","locations":[{"start":{"line":72,"column":2},"end":{"line":76,"column":3}},{"start":{},"end":{}}]}},"s":{"0":1,"1":1,"2":1,"3":1,"4":1,"5":1,"6":1,"7":1,"8":1,"9":1,"10":70,"11":70,"12":0,"13":0,"14":0,"15":0,"16":0,"17":0,"18":0,"19":0,"20":0,"21":0,"22":0,"23":0,"24":0,"25":0,"26":0,"27":0,"28":0,"29":0,"30":0,"31":0,"32":0,"33":0},"f":{"0":70,"1":0,"2":0,"3":0,"4":0,"5":0,"6":0},"b":{"0":[70],"1":[0,0]}}
,"C:\\xampp\\htdocs\\AICalorieTracker\\server\\src\\services\\aiCacheService.ts": {"path":"C:\\xampp\\htdocs\\AICalorieTracker\\server\\src\\services\\aiCacheService.ts","statementMap":{"0":{"start":{"line":1,"column":0},"end":{"line":1,"column":36}},"1":{"start":{"line":2,"column":0},"end":{"line":2,"column":33}},"2":{"start":{"line":33,"column":10},"end":{"line":33,"column":48}},"3":{"start":{"line":35,"column":10},"end":{"line":35,"column":56}},"4":{"start":{"line":36,"column":10},"end":{"line":44,"column":4}},"5":{"start":{"line":47,"column":4},"end":{"line":55,"column":6}},"6":{"start":{"line":57,"column":4},"end":{"line":57,"column":32}},"7":{"start":{"line":64,"column":18},"end":{"line":64,"column":37}},"8":{"start":{"line":66,"column":4},"end":{"line":70,"column":5}},"9":{"start":{"line":67,"column":6},"end":{"line":67,"column":26}},"10":{"start":{"line":68,"column":6},"end":{"line":68,"column":27}},"11":{"start":{"line":69,"column":6},"end":{"line":69,"column":18}},"12":{"start":{"line":73,"column":4},"end":{"line":78,"column":5}},"13":{"start":{"line":74,"column":6},"end":{"line":74,"column":29}},"14":{"start":{"line":75,"column":6},"end":{"line":75,"column":26}},"15":{"start":{"line":76,"column":6},"end":{"line":76,"column":27}},"16":{"start":{"line":77,"column":6},"end":{"line":77,"column":18}},"17":{"start":{"line":81,"column":4},"end":{"line":81,"column":24}},"18":{"start":{"line":82,"column":4},"end":{"line":82,"column":36}},"19":{"start":{"line":83,"column":4},"end":{"line":83,"column":22}},"20":{"start":{"line":84,"column":4},"end":{"line":84,"column":25}},"21":{"start":{"line":86,"column":4},"end":{"line":86,"column":37}},"22":{"start":{"line":87,"column":4},"end":{"line":87,"column":22}},"23":{"start":{"line":94,"column":22},"end":{"line":94,"column":46}},"24":{"start":{"line":97,"column":4},"end":{"line":97,"column":35}},"25":{"start":{"line":99,"column":16},"end":{"line":99,"column":48}},"26":{"start":{"line":100,"column":33},"end":{"line":107,"column":6}},"27":{"start":{"line":110,"column":4},"end":{"line":119,"column":5}},"28":{"start":{"line":111,"column":6},"end":{"line":118,"column":7}},"29":{"start":{"line":112,"column":27},"end":{"line":112,"column":56}},"30":{"start":{"line":113,"column":8},"end":{"line":113,"column":32}},"31":{"start":{"line":114,"column":8},"end":{"line":114,"column":52}},"32":{"start":{"line":115,"column":8},"end":{"line":115,"column":64}},"33":{"start":{"line":117,"column":8},"end":{"line":117,"column":103}},"34":{"start":{"line":121,"column":4},"end":{"line":121,"column":31}},"35":{"start":{"line":122,"column":4},"end":{"line":122,"column":34}},"36":{"start":{"line":123,"column":4},"end":{"line":123,"column":25}},"37":{"start":{"line":125,"column":4},"end":{"line":125,"column":64}},"38":{"start":{"line":132,"column":18},"end":{"line":132,"column":37}},"39":{"start":{"line":133,"column":4},"end":{"line":135,"column":5}},"40":{"start":{"line":134,"column":6},"end":{"line":134,"column":19}},"41":{"start":{"line":137,"column":4},"end":{"line":137,"column":27}},"42":{"start":{"line":138,"column":4},"end":{"line":138,"column":34}},"43":{"start":{"line":139,"column":4},"end":{"line":139,"column":25}},"44":{"start":{"line":141,"column":4},"end":{"line":141,"column":41}},"45":{"start":{"line":142,"column":4},"end":{"line":142,"column":16}},"46":{"start":{"line":149,"column":18},"end":{"line":149,"column":37}},"47":{"start":{"line":150,"column":4},"end":{"line":152,"column":5}},"48":{"start":{"line":151,"column":6},"end":{"line":151,"column":19}},"49":{"start":{"line":155,"column":4},"end":{"line":160,"column":5}},"50":{"start":{"line":156,"column":6},"end":{"line":156,"column":29}},"51":{"start":{"line":157,"column":6},"end":{"line":157,"column":36}},"52":{"start":{"line":158,"column":6},"end":{"line":158,"column":27}},"53":{"start":{"line":159,"column":6},"end":{"line":159,"column":19}},"54":{"start":{"line":162,"column":4},"end":{"line":162,"column":16}},"55":{"start":{"line":169,"column":20},"end":{"line":173,"column":null}},"56":{"start":{"line":170,"column":29},"end":{"line":173,"column":9}},"57":{"start":{"line":170,"column":30},"end":{"line":173,"column":9}},"58":{"start":{"line":176,"column":4},"end":{"line":176,"column":19}},"59":{"start":{"line":183,"column":4},"end":{"line":187,"column":6}},"60":{"start":{"line":184,"column":52},"end":{"line":186,"column":8}},"61":{"start":{"line":185,"column":8},"end":{"line":185,"column":44}},"62":{"start":{"line":194,"column":23},"end":{"line":194,"column":24}},"63":{"start":{"line":196,"column":4},"end":{"line":200,"column":5}},"64":{"start":{"line":197,"column":6},"end":{"line":199,"column":7}},"65":{"start":{"line":198,"column":8},"end":{"line":198,"column":23}},"66":{"start":{"line":202,"column":4},"end":{"line":202,"column":24}},"67":{"start":{"line":209,"column":23},"end":{"line":209,"column":38}},"68":{"start":{"line":210,"column":4},"end":{"line":210,"column":23}},"69":{"start":{"line":211,"column":4},"end":{"line":211,"column":24}},"70":{"start":{"line":212,"column":4},"end":{"line":212,"column":27}},"71":{"start":{"line":214,"column":4},"end":{"line":214,"column":47}},"72":{"start":{"line":221,"column":24},"end":{"line":221,"column":46}},"73":{"start":{"line":222,"column":17},"end":{"line":222,"column":71}},"74":{"start":{"line":223,"column":4},"end":{"line":223,"column":32}},"75":{"start":{"line":230,"column":4},"end":{"line":230,"column":29}},"76":{"start":{"line":237,"column":4},"end":{"line":237,"column":41}},"77":{"start":{"line":244,"column":4},"end":{"line":244,"column":39}},"78":{"start":{"line":251,"column":18},"end":{"line":251,"column":53}},"79":{"start":{"line":252,"column":4},"end":{"line":252,"column":73}},"80":{"start":{"line":259,"column":4},"end":{"line":259,"column":43}},"81":{"start":{"line":268,"column":4},"end":{"line":268,"column":16}},"82":{"start":{"line":276,"column":4},"end":{"line":278,"column":5}},"83":{"start":{"line":277,"column":6},"end":{"line":277,"column":36}},"84":{"start":{"line":281,"column":4},"end":{"line":283,"column":5}},"85":{"start":{"line":282,"column":6},"end":{"line":282,"column":36}},"86":{"start":{"line":290,"column":35},"end":{"line":290,"column":39}},"87":{"start":{"line":291,"column":21},"end":{"line":291,"column":29}},"88":{"start":{"line":293,"column":20},"end":{"line":293,"column":52}},"89":{"start":{"line":294,"column":4},"end":{"line":299,"column":5}},"90":{"start":{"line":295,"column":6},"end":{"line":298,"column":7}},"91":{"start":{"line":296,"column":8},"end":{"line":296,"column":40}},"92":{"start":{"line":297,"column":8},"end":{"line":297,"column":24}},"93":{"start":{"line":301,"column":4},"end":{"line":309,"column":5}},"94":{"start":{"line":302,"column":20},"end":{"line":302,"column":46}},"95":{"start":{"line":303,"column":6},"end":{"line":303,"column":35}},"96":{"start":{"line":304,"column":6},"end":{"line":304,"column":36}},"97":{"start":{"line":305,"column":6},"end":{"line":305,"column":27}},"98":{"start":{"line":306,"column":6},"end":{"line":306,"column":29}},"99":{"start":{"line":308,"column":6},"end":{"line":308,"column":47}},"100":{"start":{"line":316,"column":4},"end":{"line":318,"column":5}},"101":{"start":{"line":317,"column":6},"end":{"line":317,"column":42}},"102":{"start":{"line":320,"column":4},"end":{"line":322,"column":37}},"103":{"start":{"line":321,"column":6},"end":{"line":321,"column":35}},"104":{"start":{"line":324,"column":4},"end":{"line":324,"column":82}},"105":{"start":{"line":331,"column":16},"end":{"line":331,"column":26}},"106":{"start":{"line":332,"column":23},"end":{"line":332,"column":24}},"107":{"start":{"line":333,"column":22},"end":{"line":333,"column":23}},"108":{"start":{"line":335,"column":20},"end":{"line":335,"column":52}},"109":{"start":{"line":336,"column":4},"end":{"line":342,"column":5}},"110":{"start":{"line":337,"column":6},"end":{"line":341,"column":7}},"111":{"start":{"line":338,"column":8},"end":{"line":338,"column":31}},"112":{"start":{"line":339,"column":8},"end":{"line":339,"column":34}},"113":{"start":{"line":340,"column":8},"end":{"line":340,"column":23}},"114":{"start":{"line":344,"column":4},"end":{"line":350,"column":5}},"115":{"start":{"line":345,"column":6},"end":{"line":345,"column":37}},"116":{"start":{"line":346,"column":6},"end":{"line":346,"column":41}},"117":{"start":{"line":347,"column":6},"end":{"line":347,"column":43}},"118":{"start":{"line":349,"column":6},"end":{"line":349,"column":84}},"119":{"start":{"line":357,"column":4},"end":{"line":360,"column":5}},"120":{"start":{"line":358,"column":6},"end":{"line":358,"column":42}},"121":{"start":{"line":359,"column":6},"end":{"line":359,"column":34}},"122":{"start":{"line":362,"column":4},"end":{"line":362,"column":17}},"123":{"start":{"line":363,"column":4},"end":{"line":363,"column":39}},"124":{"start":{"line":368,"column":13},"end":{"line":368,"column":51}},"125":{"start":{"line":369,"column":0},"end":{"line":369,"column":30}}},"fnMap":{"0":{"name":"(anonymous_7)","decl":{"start":{"line":46,"column":2},"end":{"line":46,"column":14}},"loc":{"start":{"line":46,"column":40},"end":{"line":58,"column":3}}},"1":{"name":"(anonymous_8)","decl":{"start":{"line":63,"column":8},"end":{"line":63,"column":11}},"loc":{"start":{"line":63,"column":26},"end":{"line":88,"column":null}}},"2":{"name":"(anonymous_10)","decl":{"start":{"line":93,"column":8},"end":{"line":93,"column":11}},"loc":{"start":{"line":93,"column":68},"end":{"line":126,"column":null}}},"3":{"name":"(anonymous_12)","decl":{"start":{"line":131,"column":8},"end":{"line":131,"column":14}},"loc":{"start":{"line":131,"column":26},"end":{"line":143,"column":null}}},"4":{"name":"(anonymous_14)","decl":{"start":{"line":148,"column":8},"end":{"line":148,"column":11}},"loc":{"start":{"line":148,"column":23},"end":{"line":163,"column":null}}},"5":{"name":"(anonymous_16)","decl":{"start":{"line":168,"column":8},"end":{"line":168,"column":12}},"loc":{"start":{"line":168,"column":30},"end":{"line":177,"column":null}}},"6":{"name":"(anonymous_18)","decl":{"start":{"line":170,"column":15},"end":{"line":170,"column":22}},"loc":{"start":{"line":170,"column":29},"end":{"line":173,"column":9}}},"7":{"name":"(anonymous_19)","decl":{"start":{"line":170,"column":29},"end":{"line":170,"column":30}},"loc":{"start":{"line":170,"column":29},"end":{"line":173,"column":9}}},"8":{"name":"(anonymous_20)","decl":{"start":{"line":182,"column":8},"end":{"line":182,"column":12}},"loc":{"start":{"line":182,"column":90},"end":{"line":188,"column":null}}},"9":{"name":"(anonymous_22)","decl":{"start":{"line":184,"column":18},"end":{"line":184,"column":25}},"loc":{"start":{"line":184,"column":52},"end":{"line":186,"column":8}}},"10":{"name":"(anonymous_23)","decl":{"start":{"line":184,"column":52},"end":{"line":184,"column":null}},"loc":{"start":{"line":184,"column":48},"end":{"line":186,"column":7}}},"11":{"name":"(anonymous_24)","decl":{"start":{"line":193,"column":8},"end":{"line":193,"column":15}},"loc":{"start":{"line":193,"column":30},"end":{"line":203,"column":null}}},"12":{"name":"(anonymous_26)","decl":{"start":{"line":208,"column":8},"end":{"line":208,"column":13}},"loc":{"start":{"line":208,"column":13},"end":{"line":215,"column":null}}},"13":{"name":"(anonymous_28)","decl":{"start":{"line":220,"column":2},"end":{"line":220,"column":18}},"loc":{"start":{"line":220,"column":47},"end":{"line":224,"column":3}}},"14":{"name":"(anonymous_29)","decl":{"start":{"line":229,"column":2},"end":{"line":229,"column":10}},"loc":{"start":{"line":229,"column":10},"end":{"line":231,"column":3}}},"15":{"name":"(anonymous_30)","decl":{"start":{"line":236,"column":2},"end":{"line":236,"column":9}},"loc":{"start":{"line":236,"column":9},"end":{"line":238,"column":3}}},"16":{"name":"(anonymous_31)","decl":{"start":{"line":243,"column":2},"end":{"line":243,"column":14}},"loc":{"start":{"line":243,"column":26},"end":{"line":245,"column":3}}},"17":{"name":"(anonymous_32)","decl":{"start":{"line":250,"column":10},"end":{"line":250,"column":23}},"loc":{"start":{"line":250,"column":23},"end":{"line":253,"column":3}}},"18":{"name":"(anonymous_33)","decl":{"start":{"line":258,"column":10},"end":{"line":258,"column":23}},"loc":{"start":{"line":258,"column":33},"end":{"line":260,"column":3}}},"19":{"name":"(anonymous_34)","decl":{"start":{"line":265,"column":16},"end":{"line":265,"column":28}},"loc":{"start":{"line":265,"column":39},"end":{"line":269,"column":null}}},"20":{"name":"(anonymous_36)","decl":{"start":{"line":274,"column":10},"end":{"line":274,"column":24}},"loc":{"start":{"line":274,"column":45},"end":{"line":284,"column":3}}},"21":{"name":"(anonymous_37)","decl":{"start":{"line":289,"column":10},"end":{"line":289,"column":32}},"loc":{"start":{"line":289,"column":32},"end":{"line":310,"column":3}}},"22":{"name":"(anonymous_38)","decl":{"start":{"line":315,"column":10},"end":{"line":315,"column":30}},"loc":{"start":{"line":315,"column":30},"end":{"line":325,"column":3}}},"23":{"name":"(anonymous_39)","decl":{"start":{"line":320,"column":39},"end":{"line":320,"column":42}},"loc":{"start":{"line":320,"column":44},"end":{"line":322,"column":5}}},"24":{"name":"(anonymous_40)","decl":{"start":{"line":330,"column":10},"end":{"line":330,"column":31}},"loc":{"start":{"line":330,"column":31},"end":{"line":351,"column":3}}},"25":{"name":"(anonymous_41)","decl":{"start":{"line":356,"column":2},"end":{"line":356,"column":9}},"loc":{"start":{"line":356,"column":9},"end":{"line":364,"column":3}}}},"branchMap":{"0":{"loc":{"start":{"line":46,"column":14},"end":{"line":46,"column":40}},"type":"default-arg","locations":[{"start":{"line":46,"column":38},"end":{"line":46,"column":40}}]},"1":{"loc":{"start":{"line":66,"column":4},"end":{"line":70,"column":5}},"type":"if","locations":[{"start":{"line":66,"column":4},"end":{"line":70,"column":5}},{"start":{},"end":{}}]},"2":{"loc":{"start":{"line":73,"column":4},"end":{"line":78,"column":5}},"type":"if","locations":[{"start":{"line":73,"column":4},"end":{"line":78,"column":5}},{"start":{},"end":{}}]},"3":{"loc":{"start":{"line":99,"column":16},"end":{"line":99,"column":48}},"type":"cond-expr","locations":[{"start":{"line":99,"column":28},"end":{"line":99,"column":32}},{"start":{"line":99,"column":32},"end":{"line":99,"column":48}}]},"4":{"loc":{"start":{"line":99,"column":16},"end":{"line":99,"column":32}},"type":"binary-expr","locations":[{"start":{"line":99,"column":16},"end":{"line":99,"column":32}},{"start":{"line":99,"column":28},"end":{"line":99,"column":32}}]},"5":{"loc":{"start":{"line":99,"column":16},"end":{"line":99,"column":28}},"type":"cond-expr","locations":[{"start":{"line":99,"column":23},"end":{"line":99,"column":25}},{"start":{"line":99,"column":16},"end":{"line":99,"column":28}}]},"6":{"loc":{"start":{"line":99,"column":16},"end":{"line":99,"column":25}},"type":"binary-expr","locations":[{"start":{"line":99,"column":16},"end":{"line":99,"column":25}},{"start":{"line":99,"column":16},"end":{"line":99,"column":25}}]},"7":{"loc":{"start":{"line":110,"column":4},"end":{"line":119,"column":5}},"type":"if","locations":[{"start":{"line":110,"column":4},"end":{"line":119,"column":5}},{"start":{},"end":{}}]},"8":{"loc":{"start":{"line":110,"column":8},"end":{"line":110,"column":82}},"type":"binary-expr","locations":[{"start":{"line":110,"column":8},"end":{"line":110,"column":32}},{"start":{"line":110,"column":36},"end":{"line":110,"column":82}}]},"9":{"loc":{"start":{"line":117,"column":47},"end":{"line":117,"column":101}},"type":"cond-expr","locations":[{"start":{"line":117,"column":72},"end":{"line":117,"column":85}},{"start":{"line":117,"column":88},"end":{"line":117,"column":101}}]},"10":{"loc":{"start":{"line":133,"column":4},"end":{"line":135,"column":5}},"type":"if","locations":[{"start":{"line":133,"column":4},"end":{"line":135,"column":5}},{"start":{},"end":{}}]},"11":{"loc":{"start":{"line":150,"column":4},"end":{"line":152,"column":5}},"type":"if","locations":[{"start":{"line":150,"column":4},"end":{"line":152,"column":5}},{"start":{},"end":{}}]},"12":{"loc":{"start":{"line":155,"column":4},"end":{"line":160,"column":5}},"type":"if","locations":[{"start":{"line":155,"column":4},"end":{"line":160,"column":5}},{"start":{},"end":{}}]},"13":{"loc":{"start":{"line":197,"column":6},"end":{"line":199,"column":7}},"type":"if","locations":[{"start":{"line":197,"column":6},"end":{"line":199,"column":7}},{"start":{},"end":{}}]},"14":{"loc":{"start":{"line":244,"column":11},"end":{"line":244,"column":38}},"type":"binary-expr","locations":[{"start":{"line":244,"column":11},"end":{"line":244,"column":30}},{"start":{"line":244,"column":34},"end":{"line":244,"column":38}}]},"15":{"loc":{"start":{"line":252,"column":25},"end":{"line":252,"column":72}},"type":"cond-expr","locations":[{"start":{"line":252,"column":37},"end":{"line":252,"column":68}},{"start":{"line":252,"column":71},"end":{"line":252,"column":72}}]},"16":{"loc":{"start":{"line":276,"column":11},"end":{"line":276,"column":87}},"type":"binary-expr","locations":[{"start":{"line":276,"column":11},"end":{"line":276,"column":64}},{"start":{"line":276,"column":68},"end":{"line":276,"column":87}}]},"17":{"loc":{"start":{"line":281,"column":11},"end":{"line":281,"column":76}},"type":"binary-expr","locations":[{"start":{"line":281,"column":11},"end":{"line":281,"column":53}},{"start":{"line":281,"column":57},"end":{"line":281,"column":76}}]},"18":{"loc":{"start":{"line":295,"column":6},"end":{"line":298,"column":7}},"type":"if","locations":[{"start":{"line":295,"column":6},"end":{"line":298,"column":7}},{"start":{},"end":{}}]},"19":{"loc":{"start":{"line":301,"column":4},"end":{"line":309,"column":5}},"type":"if","locations":[{"start":{"line":301,"column":4},"end":{"line":309,"column":5}},{"start":{},"end":{}}]},"20":{"loc":{"start":{"line":316,"column":4},"end":{"line":318,"column":5}},"type":"if","locations":[{"start":{"line":316,"column":4},"end":{"line":318,"column":5}},{"start":{},"end":{}}]},"21":{"loc":{"start":{"line":337,"column":6},"end":{"line":341,"column":7}},"type":"if","locations":[{"start":{"line":337,"column":6},"end":{"line":341,"column":7}},{"start":{},"end":{}}]},"22":{"loc":{"start":{"line":344,"column":4},"end":{"line":350,"column":5}},"type":"if","locations":[{"start":{"line":344,"column":4},"end":{"line":350,"column":5}},{"start":{},"end":{}}]},"23":{"loc":{"start":{"line":357,"column":4},"end":{"line":360,"column":5}},"type":"if","locations":[{"start":{"line":357,"column":4},"end":{"line":360,"column":5}},{"start":{},"end":{}}]}},"s":{"0":1,"1":1,"2":1,"3":1,"4":1,"5":1,"6":1,"7":26,"8":26,"9":11,"10":11,"11":11,"12":15,"13":1,"14":1,"15":1,"16":1,"17":14,"18":14,"19":14,"20":14,"21":14,"22":14,"23":25,"24":24,"25":24,"26":24,"27":24,"28":0,"29":0,"30":0,"31":0,"32":0,"33":0,"34":24,"35":24,"36":24,"37":24,"38":4,"39":4,"40":1,"41":3,"42":3,"43":3,"44":3,"45":3,"46":2,"47":2,"48":1,"49":1,"50":0,"51":0,"52":0,"53":0,"54":1,"55":1,"56":4,"57":4,"58":1,"59":1,"60":3,"61":3,"62":1,"63":1,"64":3,"65":2,"66":1,"67":27,"68":27,"69":27,"70":27,"71":27,"72":5,"73":5,"74":5,"75":4,"76":2,"77":2,"78":26,"79":26,"80":25,"81":0,"82":24,"83":0,"84":24,"85":0,"86":0,"87":0,"88":0,"89":0,"90":0,"91":0,"92":0,"93":0,"94":0,"95":0,"96":0,"97":0,"98":0,"99":0,"100":1,"101":0,"102":1,"103":0,"104":1,"105":0,"106":0,"107":0,"108":0,"109":0,"110":0,"111":0,"112":0,"113":0,"114":0,"115":0,"116":0,"117":0,"118":0,"119":1,"120":1,"121":1,"122":1,"123":1,"124":1,"125":1},"f":{"0":1,"1":26,"2":25,"3":4,"4":2,"5":1,"6":4,"7":4,"8":1,"9":3,"10":3,"11":1,"12":27,"13":5,"14":4,"15":2,"16":2,"17":26,"18":25,"19":0,"20":24,"21":0,"22":1,"23":0,"24":0,"25":1},"b":{"0":[1],"1":[11,15],"2":[1,14],"3":[2,22],"4":[24,24],"5":[22,2],"6":[24,24],"7":[0,24],"8":[24,24],"9":[0,0],"10":[1,3],"11":[1,1],"12":[0,1],"13":[2,1],"14":[2,1],"15":[26,0],"16":[24,0],"17":[24,0],"18":[0,0],"19":[0,0],"20":[0,1],"21":[0,0],"22":[0,0],"23":[1,0]}}
}
