TN:
SF:vite.config.ts
FNF:0
FNH:0
DA:1,1
DA:2,1
DA:3,1
DA:4,1
DA:6,1
LF:5
LH:5
BRF:0
BRH:0
end_of_record
TN:
SF:server\vite.ts
FN:11,log
FN:22,setupVite
FN:33,(anonymous_11)
FN:43,(anonymous_12)
FN:43,(anonymous_13)
FN:69,serveStatic
FN:81,(anonymous_15)
FNF:7
FNH:1
FNDA:70,log
FNDA:0,setupVite
FNDA:0,(anonymous_11)
FNDA:0,(anonymous_12)
FNDA:0,(anonymous_13)
FNDA:0,serveStatic
FNDA:0,(anonymous_15)
DA:1,1
DA:2,1
DA:3,1
DA:4,1
DA:6,1
DA:7,1
DA:9,1
DA:11,1
DA:12,70
DA:19,70
DA:22,1
DA:23,0
DA:28,0
DA:34,0
DA:35,0
DA:42,0
DA:43,0
DA:44,0
DA:46,0
DA:47,0
DA:55,0
DA:56,0
DA:60,0
DA:61,0
DA:63,0
DA:64,0
DA:69,1
DA:70,0
DA:72,0
DA:73,0
DA:78,0
DA:81,0
DA:82,0
LF:33
LH:12
BRDA:11,0,0,70
BRDA:72,1,0,0
BRDA:72,1,1,0
BRF:3
BRH:1
end_of_record
TN:
SF:server\src\services\aiCacheService.ts
FN:46,(anonymous_7)
FN:63,(anonymous_8)
FN:93,(anonymous_10)
FN:131,(anonymous_12)
FN:148,(anonymous_14)
FN:168,(anonymous_16)
FN:170,(anonymous_18)
FN:170,(anonymous_19)
FN:182,(anonymous_20)
FN:184,(anonymous_22)
FN:184,(anonymous_23)
FN:193,(anonymous_24)
FN:208,(anonymous_26)
FN:220,(anonymous_28)
FN:229,(anonymous_29)
FN:236,(anonymous_30)
FN:243,(anonymous_31)
FN:250,(anonymous_32)
FN:258,(anonymous_33)
FN:265,(anonymous_34)
FN:274,(anonymous_36)
FN:289,(anonymous_37)
FN:315,(anonymous_38)
FN:320,(anonymous_39)
FN:330,(anonymous_40)
FN:356,(anonymous_41)
FNF:26
FNH:22
FNDA:1,(anonymous_7)
FNDA:26,(anonymous_8)
FNDA:25,(anonymous_10)
FNDA:4,(anonymous_12)
FNDA:2,(anonymous_14)
FNDA:1,(anonymous_16)
FNDA:4,(anonymous_18)
FNDA:4,(anonymous_19)
FNDA:1,(anonymous_20)
FNDA:3,(anonymous_22)
FNDA:3,(anonymous_23)
FNDA:1,(anonymous_24)
FNDA:27,(anonymous_26)
FNDA:5,(anonymous_28)
FNDA:4,(anonymous_29)
FNDA:2,(anonymous_30)
FNDA:2,(anonymous_31)
FNDA:26,(anonymous_32)
FNDA:25,(anonymous_33)
FNDA:0,(anonymous_34)
FNDA:24,(anonymous_36)
FNDA:0,(anonymous_37)
FNDA:1,(anonymous_38)
FNDA:0,(anonymous_39)
FNDA:0,(anonymous_40)
FNDA:1,(anonymous_41)
DA:1,1
DA:2,1
DA:33,1
DA:35,1
DA:36,1
DA:47,1
DA:57,1
DA:64,26
DA:66,26
DA:67,11
DA:68,11
DA:69,11
DA:73,15
DA:74,1
DA:75,1
DA:76,1
DA:77,1
DA:81,14
DA:82,14
DA:83,14
DA:84,14
DA:86,14
DA:87,14
DA:94,25
DA:97,24
DA:99,24
DA:100,24
DA:110,24
DA:111,0
DA:112,0
DA:113,0
DA:114,0
DA:115,0
DA:117,0
DA:121,24
DA:122,24
DA:123,24
DA:125,24
DA:132,4
DA:133,4
DA:134,1
DA:137,3
DA:138,3
DA:139,3
DA:141,3
DA:142,3
DA:149,2
DA:150,2
DA:151,1
DA:155,1
DA:156,0
DA:157,0
DA:158,0
DA:159,0
DA:162,1
DA:169,1
DA:170,4
DA:176,1
DA:183,1
DA:184,3
DA:185,3
DA:194,1
DA:196,1
DA:197,3
DA:198,2
DA:202,1
DA:209,27
DA:210,27
DA:211,27
DA:212,27
DA:214,27
DA:221,5
DA:222,5
DA:223,5
DA:230,4
DA:237,2
DA:244,2
DA:251,26
DA:252,26
DA:259,25
DA:268,0
DA:276,24
DA:277,0
DA:281,24
DA:282,0
DA:290,0
DA:291,0
DA:293,0
DA:294,0
DA:295,0
DA:296,0
DA:297,0
DA:301,0
DA:302,0
DA:303,0
DA:304,0
DA:305,0
DA:306,0
DA:308,0
DA:316,1
DA:317,0
DA:320,1
DA:321,0
DA:324,1
DA:331,0
DA:332,0
DA:333,0
DA:335,0
DA:336,0
DA:337,0
DA:338,0
DA:339,0
DA:340,0
DA:344,0
DA:345,0
DA:346,0
DA:347,0
DA:349,0
DA:357,1
DA:358,1
DA:359,1
DA:362,1
DA:363,1
DA:368,1
DA:369,1
LF:125
LH:82
BRDA:46,0,0,1
BRDA:66,1,0,11
BRDA:66,1,1,15
BRDA:73,2,0,1
BRDA:73,2,1,14
BRDA:99,3,0,2
BRDA:99,3,1,22
BRDA:99,4,0,24
BRDA:99,4,1,24
BRDA:99,5,0,22
BRDA:99,5,1,2
BRDA:99,6,0,24
BRDA:99,6,1,24
BRDA:110,7,0,0
BRDA:110,7,1,24
BRDA:110,8,0,24
BRDA:110,8,1,24
BRDA:117,9,0,0
BRDA:117,9,1,0
BRDA:133,10,0,1
BRDA:133,10,1,3
BRDA:150,11,0,1
BRDA:150,11,1,1
BRDA:155,12,0,0
BRDA:155,12,1,1
BRDA:197,13,0,2
BRDA:197,13,1,1
BRDA:244,14,0,2
BRDA:244,14,1,1
BRDA:252,15,0,26
BRDA:252,15,1,0
BRDA:276,16,0,24
BRDA:276,16,1,0
BRDA:281,17,0,24
BRDA:281,17,1,0
BRDA:295,18,0,0
BRDA:295,18,1,0
BRDA:301,19,0,0
BRDA:301,19,1,0
BRDA:316,20,0,0
BRDA:316,20,1,1
BRDA:337,21,0,0
BRDA:337,21,1,0
BRDA:344,22,0,0
BRDA:344,22,1,0
BRDA:357,23,0,1
BRDA:357,23,1,0
BRF:47
BRH:30
end_of_record
